2017-03-02 14:09:04,720 [  26442]  ERROR - api.util.objectTree.ObjectNode - IntelliJ IDEA 2016.2.4  Build #IC-162.2032.8 
2017-03-02 14:09:04,720 [  26442]  ERROR - api.util.objectTree.ObjectNode - JDK: 1.8.0_112-release 
2017-03-02 14:09:04,720 [  26442]  ERROR - api.util.objectTree.ObjectNode - VM: OpenJDK 64-Bit Server VM 
2017-03-02 14:09:04,720 [  26442]  ERROR - api.util.objectTree.ObjectNode - Vendor: JetBrains s.r.o 
2017-03-02 14:09:04,720 [  26442]  ERROR - api.util.objectTree.ObjectNode - OS: Mac OS X 
2017-03-02 14:09:04,720 [  26442]  ERROR - api.util.objectTree.ObjectNode - Last Action:  
2017-03-02 14:09:04,748 [  26470]   INFO - indexing.UnindexedFilesUpdater - Unindexed files update canceled 
2017-03-02 14:16:43,292 [ 485014]   INFO - org.jetbrains.io.BuiltInServer - web server stopped 
2017-03-02 14:16:43,292 [ 485014]   INFO - Types.impl.FileTypeManagerImpl - FileTypeManager: 8 auto-detected files
Elapsed time on auto-detect: 195 ms 
2017-03-02 14:16:43,295 [ 485017]   INFO - stubs.SerializationManagerImpl - START StubSerializationManager SHUTDOWN 
2017-03-02 14:16:43,296 [ 485018]   INFO - stubs.SerializationManagerImpl - END StubSerializationManager SHUTDOWN 
2017-03-02 14:16:43,296 [ 485018]   INFO - il.indexing.FileBasedIndexImpl - START INDEX SHUTDOWN 
2017-03-02 14:16:43,354 [ 485076]   INFO - il.indexing.FileBasedIndexImpl - END INDEX SHUTDOWN 
2017-03-02 14:16:43,362 [ 485084]   INFO - pl.local.NativeFileWatcherImpl - Watcher terminated with exit code 0 
2017-03-02 14:16:43,362 [ 485084]   INFO - newvfs.persistent.PersistentFS - VFS dispose started 
2017-03-02 14:16:43,464 [ 485186]   INFO - newvfs.persistent.PersistentFS - VFS dispose completed 
2017-03-02 14:16:43,478 [ 485200]   INFO -        #com.intellij.idea.Main - ------------------------------------------------------ IDE SHUTDOWN ------------------------------------------------------ 
2017-03-02 14:16:43,479 [ 485201]   INFO - org.jetbrains.io.BuiltInServer - web server stopped 
2017-03-02 14:16:46,130 [      0]   INFO -        #com.intellij.idea.Main - ------------------------------------------------------ IDE STARTED ------------------------------------------------------ 
2017-03-02 14:16:46,165 [     35]   INFO -        #com.intellij.idea.Main - IDE: IntelliJ IDEA (build #IC-162.2032.8, 09 Sep 2016 00:00) 
2017-03-02 14:16:46,165 [     35]   INFO -        #com.intellij.idea.Main - OS: Mac OS X (10.12.2, x86_64) 
2017-03-02 14:16:46,165 [     35]   INFO -        #com.intellij.idea.Main - JRE: 1.8.0_112-release-b343 (JetBrains s.r.o) 
2017-03-02 14:16:46,165 [     35]   INFO -        #com.intellij.idea.Main - JVM: 25.112-b343 (OpenJDK 64-Bit Server VM) 
2017-03-02 14:16:46,172 [     42]   INFO -        #com.intellij.idea.Main - JVM Args: -Dfile.encoding=UTF-8 -XX:+UseConcMarkSweepGC -XX:SoftRefLRUPolicyMSPerMB=50 -ea -Dsun.io.useCanonCaches=false -Djava.net.preferIPv4Stack=true -XX:+HeapDumpOnOutOfMemoryError -XX:-OmitStackTraceInFastThrow -Xverify:none -XX:ErrorFile=/Users/sruthigelivi/java_error_in_idea_%p.log -XX:HeapDumpPath=/Users/sruthigelivi/java_error_in_idea.hprof -Xbootclasspath/a:../lib/boot.jar -Xms128m -Xmx750m -XX:ReservedCodeCacheSize=240m -XX:+UseCompressedOops -Djb.vmOptionsFile=/Applications/IntelliJ IDEA CE.app/Contents/bin/idea.vmoptions -Didea.java.redist=jdk-bundled -Didea.home.path=/Applications/IntelliJ IDEA CE.app/Contents -Didea.executable=idea -Didea.paths.selector=IdeaIC2016.2 
2017-03-02 14:16:46,172 [     42]   INFO -        #com.intellij.idea.Main - ext: /Applications/IntelliJ IDEA CE.app/Contents/jre/jdk/Contents/Home/jre/lib/ext: [cldrdata.jar, dnsns.jar, jaccess.jar, jfxrt.jar, localedata.jar, meta-index, nashorn.jar, sunec.jar, sunjce_provider.jar, sunpkcs11.jar, zipfs.jar] 
2017-03-02 14:16:46,173 [     43]   INFO -        #com.intellij.idea.Main - ext: /System/Library/Java/Extensions: [MRJToolkit.jar] 
2017-03-02 14:16:46,173 [     43]   INFO -        #com.intellij.idea.Main - JNU charset: UTF-8 
2017-03-02 14:16:46,192 [     62]   INFO -        #com.intellij.idea.Main - JNA library loaded (64-bit) in 19 ms 
2017-03-02 14:16:46,195 [     65]   INFO -        #com.intellij.idea.Main - initializing environment 
2017-03-02 14:16:46,196 [     66]   INFO - .intellij.util.EnvironmentUtil - loading shell env: /bin/bash -l -i -c '/Applications/IntelliJ IDEA CE.app/Contents/bin/printenv.py' '/private/var/folders/16/r9lgms5d1yg7lntbt0gh4ybw0000gn/T/intellij-shell-env.tmp' 
2017-03-02 14:16:46,206 [     76]   INFO -     #com.intellij.util.ui.JBUI - UI scale factor: 1.0 
2017-03-02 14:16:46,413 [    283]   INFO - .intellij.util.EnvironmentUtil - shell environment loaded (11 vars) 
2017-03-02 14:16:46,414 [    284]   INFO - .intellij.util.EnvironmentUtil - LC_CTYPE=en_US.UTF-8 
2017-03-02 14:16:48,618 [   2488]   INFO - llij.ide.plugins.PluginManager - Cannot find optional descriptor duplicates-groovy.xml 
2017-03-02 14:16:49,057 [   2927]   INFO - llij.ide.plugins.PluginManager - 34 plugins initialized in 1293 ms 
2017-03-02 14:16:49,059 [   2929]   INFO - llij.ide.plugins.PluginManager - Loaded bundled plugins: Android Support (10.2.0), Ant Support (1.0), Bytecode Viewer (0.1), CVS Integration (11), Copyright (8.1), Coverage (162.2032.8), Eclipse Integration (3.0), EditorConfig (162.2032.8), Git Integration (8.1), GitHub (162.2032.8), Gradle (162.2032.8), Groovy (9.0), I18n for Java (162.2032.8), IDEA CORE (162.2032.8), IntelliLang (8.0), JUnit (1.0), Java Bytecode Decompiler (162.2032.8), JavaFX (1.0), Kotlin (1.0.3-release-IJ2016.1-120), Maven Integration (162.2032.8), Plugin DevKit (1.0), Properties Support (162.2032.8), Settings Repository (162.2032.8), Subversion Integration (1.1), Task Management (1.0), Terminal (0.1), TestNG-J (8.0), UI Designer (162.2032.8), XPathView + XSLT Support (4), XSLT-Debugger (1.4), YAML (162.2032.8), hg4idea (10.0) 
2017-03-02 14:16:49,059 [   2929]   INFO - llij.ide.plugins.PluginManager - Loaded custom plugins: SBT (1.8.0), Scala (2016.2.1) 
2017-03-02 14:16:49,868 [   3738]   INFO - ellij.util.io.PagedFileStorage - lower=100; upper=500; buffer=10; max=705 
2017-03-02 14:16:50,025 [   3895]   INFO - pl.local.NativeFileWatcherImpl - Starting file watcher: /Applications/IntelliJ IDEA CE.app/Contents/bin/fsnotifier 
2017-03-02 14:16:50,037 [   3907]   INFO - pl.local.NativeFileWatcherImpl - Native file watcher is operational. 
2017-03-02 14:16:50,202 [   4072]   INFO - pi.util.registry.RegistryState - Registry values changed by user: 
2017-03-02 14:16:50,203 [   4073]   INFO - pi.util.registry.RegistryState -   SBT.system.in.process = true 
2017-03-02 14:16:51,243 [   5113]   INFO - rains.ide.BuiltInServerManager - built-in server started, port 63342 
2017-03-02 14:16:51,329 [   5199]   INFO - gs.impl.UpdateCheckerComponent - channel: release 
2017-03-02 14:16:51,450 [   5320]   INFO - il.indexing.FileBasedIndexImpl - Index exts enumerated:76 
2017-03-02 14:16:51,453 [   5323]   INFO - il.indexing.FileBasedIndexImpl - Index scheduled:2 
2017-03-02 14:16:51,505 [   5375]   INFO - tellij.psi.stubs.StubIndexImpl - All stub exts enumerated:44 
2017-03-02 14:16:51,506 [   5376]   INFO - tellij.psi.stubs.StubIndexImpl - stub exts update scheduled:1 
2017-03-02 14:16:51,889 [   5759]   INFO - il.indexing.FileBasedIndexImpl - Version has changed for index IdIndex. The index will be rebuilt. 
2017-03-02 14:16:51,942 [   5812]   INFO - ellij.project.impl.ProjectImpl - 26 project components initialized in 453 ms 
2017-03-02 14:16:51,943 [   5813]   INFO - le.impl.ModuleManagerComponent - 0 module(s) loaded in 0 ms 
2017-03-02 14:16:52,148 [   6018]   INFO - il.indexing.FileBasedIndexImpl - Version has changed for index filetypes. The index will be rebuilt. 
2017-03-02 14:16:52,236 [   6106]   INFO - j.ide.script.IdeStartupScripts - 0 startup script(s) found 
2017-03-02 14:16:52,541 [   6411]   INFO - ij.psi.stubs.StubUpdatingIndex - requesting complete stub index rebuild due to changes: added file types:Scala,SBT; 
2017-03-02 14:16:52,542 [   6412]   INFO - il.indexing.FileBasedIndexImpl -  
java.io.IOException
	at com.intellij.psi.stubs.StubVersionMap.updateState(StubVersionMap.java:113)
	at com.intellij.psi.stubs.StubVersionMap.<init>(StubVersionMap.java:64)
	at com.intellij.psi.stubs.StubUpdatingIndex$MyIndex.<init>(StubUpdatingIndex.java:399)
	at com.intellij.psi.stubs.StubUpdatingIndex.createIndexImplementation(StubUpdatingIndex.java:337)
	at com.intellij.util.indexing.FileBasedIndexImpl.createIndex(FileBasedIndexImpl.java:477)
	at com.intellij.util.indexing.FileBasedIndexImpl.initIndexStorage(FileBasedIndexImpl.java:390)
	at com.intellij.util.indexing.FileBasedIndexImpl.registerIndexer(FileBasedIndexImpl.java:354)
	at com.intellij.util.indexing.FileBasedIndexImpl.access$5700(FileBasedIndexImpl.java:103)
	at com.intellij.util.indexing.FileBasedIndexImpl$FileIndexDataInitialization.lambda$new$0(FileBasedIndexImpl.java:2340)
	at com.intellij.util.indexing.IndexInfrastructure$DataInitialization.executeNestedInitializationTask(IndexInfrastructure.java:209)
	at com.intellij.util.indexing.IndexInfrastructure$DataInitialization.runParallelNestedInitializationTasks(IndexInfrastructure.java:199)
	at com.intellij.util.indexing.IndexInfrastructure$DataInitialization.call(IndexInfrastructure.java:163)
	at java.util.concurrent.FutureTask.run(FutureTask.java:266)
	at com.intellij.util.concurrency.BoundedTaskExecutor.runFirstTaskThenPollAndRunRest(BoundedTaskExecutor.java:178)
	at com.intellij.util.concurrency.BoundedTaskExecutor.access$000(BoundedTaskExecutor.java:40)
	at com.intellij.util.concurrency.BoundedTaskExecutor$2.run(BoundedTaskExecutor.java:197)
	at java.util.concurrent.ThreadPoolExecutor.runWorker(ThreadPoolExecutor.java:1142)
	at java.util.concurrent.ThreadPoolExecutor$Worker.run(ThreadPoolExecutor.java:617)
	at java.lang.Thread.run(Thread.java:745)
2017-03-02 14:16:52,761 [   6631]   INFO - ij.psi.stubs.StubUpdatingIndex - Following new file types will be indexed:HTML,KJSM,Kotlin,Groovy,CLASS,JAVA,XML,Scala,kotlin_builtins,Properties,SBT 
2017-03-02 14:16:52,772 [   6642]   INFO - plication.impl.ApplicationImpl - 92 application components initialized in 5038 ms 
2017-03-02 14:16:52,838 [   6708]   INFO - .intellij.idea.IdeaApplication - App initialization took 7517 ms 
2017-03-02 14:16:53,636 [   7506]   INFO - .openapi.application.Preloader - Finished preloading com.intellij.openapi.actionSystem.impl.ActionPreloader@5d423c05 
2017-03-02 14:16:54,977 [   8847]   INFO - pl$FileIndexDataInitialization - Initialization done:3523 
2017-03-02 14:16:55,655 [   9525]   INFO - .openapi.application.Preloader - Finished preloading com.intellij.ide.ui.search.SearchableOptionPreloader@e5b9eab 
2017-03-02 14:16:59,710 [  13580]   INFO - exImpl$StubIndexInitialization - Initialization done:4732 
2017-03-02 14:17:02,036 [  15906]   INFO - CompilerWorkspaceConfiguration - Available processors: 4 
2017-03-02 14:17:03,022 [  16892]   INFO - ellij.project.impl.ProjectImpl - 174 project components initialized in 1613 ms 
2017-03-02 14:17:03,318 [  17188]   INFO - le.impl.ModuleManagerComponent - 2 module(s) loaded in 295 ms 
2017-03-02 14:17:04,276 [  18146]   INFO - .diagnostic.PerformanceWatcher - Pushing properties took 50ms; general responsiveness: ok; EDT responsiveness: ok 
2017-03-02 14:17:05,210 [  19080]   INFO - tartup.impl.StartupManagerImpl - /Users/sruthigelivi/pb_project/.idea case-sensitivity: expected=false actual=false 
2017-03-02 14:17:06,767 [  20637]   INFO - tor.impl.FileEditorManagerImpl - Project opening took 5381 ms 
2017-03-02 14:17:09,190 [  23060]   INFO - .diagnostic.PerformanceWatcher - Indexable file iteration took 4912ms; general responsiveness: ok; EDT responsiveness: 1/5 sluggish 
2017-03-02 14:17:09,208 [  23078]   INFO - indexing.UnindexedFilesUpdater - Unindexed files update started: 84585 files to update 
2017-03-02 14:18:19,442 [  93312]   INFO - .diagnostic.PerformanceWatcher - Unindexed files update took 70234ms; general responsiveness: ok; EDT responsiveness: ok 
2017-03-02 14:18:45,981 [ 119851]   WARN - nal.AbstractExternalSystemTask - Error while importing SBT project:<br/>...<br/><pre>[info] Resolving org.scala-sbt#tasks;0.13.8 ...
[info] Resolving org.scala-sbt#tracking;0.13.8 ...
[info] Resolving org.scala-sbt#cache;0.13.8 ...
[info] Resolving org.scala-sbt#testing;0.13.8 ...
[info] Resolving org.scala-sbt#test-agent;0.13.8 ...
[info] Resolving org.scala-sbt#test-interface;1.0 ...
[info] Resolving org.scala-sbt#main-settings;0.13.8 ...
[info] Resolving org.scala-sbt#apply-macro;0.13.8 ...
[info] Resolving org.scala-sbt#command;0.13.8 ...
[info] Resolving org.scala-sbt#logic;0.13.8 ...
[info] Resolving org.scala-sbt#precompiled-2_8_2;0.13.8 ...
[info] Resolving org.scala-sbt#precompiled-2_9_2;0.13.8 ...
[info] Resolving org.scala-sbt#precompiled-2_9_3;0.13.8 ...
[trace] Stack trace suppressed: run 'last *:update' for the full output.
[trace] Stack trace suppressed: run 'last *:ssExtractDependencies' for the full output.
[error] (*:update) sbt.ResolveException: unresolved dependency: org.apache.spark#spark-core;2.0.0: not found
[error] unresolved dependency: org.apache.spark#spark-sql;2.0.0: not found
[error] (*:ssExtractDependencies) sbt.ResolveException: unresolved dependency: org.apache.spark#spark-core;2.0.0: not found
[error] unresolved dependency: org.apache.spark#spark-sql;2.0.0: not found
[error] Total time: 5 s, completed Mar 2, 2017 2:18:45 PM</pre><br/>See complete log in <a href="/Users/sruthigelivi/Library/Logs/IdeaIC2016.2/sbt.last.log">/Users/sruthigelivi/Library/Logs/IdeaIC2016.2/sbt.last.log</a> 
com.intellij.openapi.externalSystem.model.ExternalSystemException: Error while importing SBT project:<br/>...<br/><pre>[info] Resolving org.scala-sbt#tasks;0.13.8 ...
[info] Resolving org.scala-sbt#tracking;0.13.8 ...
[info] Resolving org.scala-sbt#cache;0.13.8 ...
[info] Resolving org.scala-sbt#testing;0.13.8 ...
[info] Resolving org.scala-sbt#test-agent;0.13.8 ...
[info] Resolving org.scala-sbt#test-interface;1.0 ...
[info] Resolving org.scala-sbt#main-settings;0.13.8 ...
[info] Resolving org.scala-sbt#apply-macro;0.13.8 ...
[info] Resolving org.scala-sbt#command;0.13.8 ...
[info] Resolving org.scala-sbt#logic;0.13.8 ...
[info] Resolving org.scala-sbt#precompiled-2_8_2;0.13.8 ...
[info] Resolving org.scala-sbt#precompiled-2_9_2;0.13.8 ...
[info] Resolving org.scala-sbt#precompiled-2_9_3;0.13.8 ...
[trace] Stack trace suppressed: run 'last *:update' for the full output.
[trace] Stack trace suppressed: run 'last *:ssExtractDependencies' for the full output.
[error] (*:update) sbt.ResolveException: unresolved dependency: org.apache.spark#spark-core;2.0.0: not found
[error] unresolved dependency: org.apache.spark#spark-sql;2.0.0: not found
[error] (*:ssExtractDependencies) sbt.ResolveException: unresolved dependency: org.apache.spark#spark-core;2.0.0: not found
[error] unresolved dependency: org.apache.spark#spark-sql;2.0.0: not found
[error] Total time: 5 s, completed Mar 2, 2017 2:18:45 PM</pre><br/>See complete log in <a href="/Users/sruthigelivi/Library/Logs/IdeaIC2016.2/sbt.last.log">/Users/sruthigelivi/Library/Logs/IdeaIC2016.2/sbt.last.log</a>
	at org.jetbrains.sbt.project.SbtProjectResolver.resolveProjectInfo(SbtProjectResolver.scala:61)
	at org.jetbrains.sbt.project.SbtProjectResolver.resolveProjectInfo(SbtProjectResolver.scala:28)
	at com.intellij.openapi.externalSystem.service.remote.RemoteExternalSystemProjectResolverImpl.lambda$resolveProjectInfo$0(RemoteExternalSystemProjectResolverImpl.java:37)
	at com.intellij.openapi.externalSystem.service.remote.AbstractRemoteExternalSystemService.execute(AbstractRemoteExternalSystemService.java:59)
	at com.intellij.openapi.externalSystem.service.remote.RemoteExternalSystemProjectResolverImpl.resolveProjectInfo(RemoteExternalSystemProjectResolverImpl.java:37)
	at com.intellij.openapi.externalSystem.service.remote.wrapper.ExternalSystemProjectResolverWrapper.resolveProjectInfo(ExternalSystemProjectResolverWrapper.java:49)
	at com.intellij.openapi.externalSystem.service.internal.ExternalSystemResolveProjectTask.doExecute(ExternalSystemResolveProjectTask.java:51)
	at com.intellij.openapi.externalSystem.service.internal.AbstractExternalSystemTask.execute(AbstractExternalSystemTask.java:138)
	at com.intellij.openapi.externalSystem.service.internal.AbstractExternalSystemTask.execute(AbstractExternalSystemTask.java:124)
	at com.intellij.openapi.externalSystem.util.ExternalSystemUtil$3.execute(ExternalSystemUtil.java:415)
	at com.intellij.openapi.externalSystem.util.ExternalSystemUtil$5.run(ExternalSystemUtil.java:494)
	at com.intellij.openapi.progress.impl.CoreProgressManager$TaskRunnable.run(CoreProgressManager.java:635)
	at com.intellij.openapi.progress.impl.CoreProgressManager$3.run(CoreProgressManager.java:170)
	at com.intellij.openapi.progress.impl.CoreProgressManager.registerIndicatorAndRun(CoreProgressManager.java:494)
	at com.intellij.openapi.progress.impl.CoreProgressManager.executeProcessUnderProgress(CoreProgressManager.java:443)
	at com.intellij.openapi.progress.impl.ProgressManagerImpl.executeProcessUnderProgress(ProgressManagerImpl.java:54)
	at com.intellij.openapi.progress.impl.CoreProgressManager.runProcess(CoreProgressManager.java:155)
	at com.intellij.openapi.progress.impl.ProgressManagerImpl$1.run(ProgressManagerImpl.java:128)
	at com.intellij.openapi.application.impl.ApplicationImpl$2.run(ApplicationImpl.java:307)
	at java.util.concurrent.Executors$RunnableAdapter.call(Executors.java:511)
	at java.util.concurrent.FutureTask.run(FutureTask.java:266)
	at java.util.concurrent.ThreadPoolExecutor.runWorker(ThreadPoolExecutor.java:1142)
	at java.util.concurrent.ThreadPoolExecutor$Worker.run(ThreadPoolExecutor.java:617)
	at java.lang.Thread.run(Thread.java:745)
org.jetbrains.sbt.project.structure.SbtException: Error while importing SBT project:<br/>...<br/><pre>[info] Resolving org.scala-sbt#tasks;0.13.8 ...
[info] Resolving org.scala-sbt#tracking;0.13.8 ...
[info] Resolving org.scala-sbt#cache;0.13.8 ...
[info] Resolving org.scala-sbt#testing;0.13.8 ...
[info] Resolving org.scala-sbt#test-agent;0.13.8 ...
[info] Resolving org.scala-sbt#test-interface;1.0 ...
[info] Resolving org.scala-sbt#main-settings;0.13.8 ...
[info] Resolving org.scala-sbt#apply-macro;0.13.8 ...
[info] Resolving org.scala-sbt#command;0.13.8 ...
[info] Resolving org.scala-sbt#logic;0.13.8 ...
[info] Resolving org.scala-sbt#precompiled-2_8_2;0.13.8 ...
[info] Resolving org.scala-sbt#precompiled-2_9_2;0.13.8 ...
[info] Resolving org.scala-sbt#precompiled-2_9_3;0.13.8 ...
[trace] Stack trace suppressed: run 'last *:update' for the full output.
[trace] Stack trace suppressed: run 'last *:ssExtractDependencies' for the full output.
[error] (*:update) sbt.ResolveException: unresolved dependency: org.apache.spark#spark-core;2.0.0: not found
[error] unresolved dependency: org.apache.spark#spark-sql;2.0.0: not found
[error] (*:ssExtractDependencies) sbt.ResolveException: unresolved dependency: org.apache.spark#spark-core;2.0.0: not found
[error] unresolved dependency: org.apache.spark#spark-sql;2.0.0: not found
[error] Total time: 5 s, completed Mar 2, 2017 2:18:45 PM</pre><br/>See complete log in <a href="/Users/sruthigelivi/Library/Logs/IdeaIC2016.2/sbt.last.log">/Users/sruthigelivi/Library/Logs/IdeaIC2016.2/sbt.last.log</a>
	at org.jetbrains.sbt.project.structure.SbtException$.fromSbtLog(SbtException.scala:30)
	at org.jetbrains.sbt.project.structure.SbtRunner$$anonfun$read1$1$$anonfun$apply$2$$anonfun$apply$4$$anonfun$apply$6.apply(SbtRunner.scala:95)
	at org.jetbrains.sbt.project.structure.SbtRunner$$anonfun$read1$1$$anonfun$apply$2$$anonfun$apply$4$$anonfun$apply$6.apply(SbtRunner.scala:95)
	at org.jetbrains.sbt.package$RichBoolean$.either$extension(package.scala:102)
	at org.jetbrains.sbt.project.structure.SbtRunner$$anonfun$read1$1$$anonfun$apply$2$$anonfun$apply$4.apply(SbtRunner.scala:95)
	at org.jetbrains.sbt.project.structure.SbtRunner$$anonfun$read1$1$$anonfun$apply$2$$anonfun$apply$4.apply(SbtRunner.scala:93)
	at scala.Option.map(Option.scala:146)
	at org.jetbrains.sbt.project.structure.SbtRunner$$anonfun$read1$1$$anonfun$apply$2.apply(SbtRunner.scala:93)
	at org.jetbrains.sbt.project.structure.SbtRunner$$anonfun$read1$1$$anonfun$apply$2.apply(SbtRunner.scala:89)
	at org.jetbrains.sbt.package$.using(package.scala:133)
	at org.jetbrains.sbt.project.structure.SbtRunner$$anonfun$read1$1.apply(SbtRunner.scala:89)
	at org.jetbrains.sbt.project.structure.SbtRunner$$anonfun$read1$1.apply(SbtRunner.scala:63)
	at org.jetbrains.sbt.package$.usingTempFile(package.scala:162)
	at org.jetbrains.sbt.project.structure.SbtRunner.read1(SbtRunner.scala:63)
	at org.jetbrains.sbt.project.structure.SbtRunner.org$jetbrains$sbt$project$structure$SbtRunner$$read0(SbtRunner.scala:49)
	at org.jetbrains.sbt.project.structure.SbtRunner$$anonfun$read$1.apply(SbtRunner.scala:38)
	at org.jetbrains.sbt.project.structure.SbtRunner$$anonfun$read$1.apply(SbtRunner.scala:38)
	at scala.Option.fold(Option.scala:158)
	at org.jetbrains.sbt.project.structure.SbtRunner.read(SbtRunner.scala:38)
	at org.jetbrains.sbt.project.SbtProjectResolver.resolveProjectInfo(SbtProjectResolver.scala:52)
	at org.jetbrains.sbt.project.SbtProjectResolver.resolveProjectInfo(SbtProjectResolver.scala:28)
	at com.intellij.openapi.externalSystem.service.remote.RemoteExternalSystemProjectResolverImpl.lambda$resolveProjectInfo$0(RemoteExternalSystemProjectResolverImpl.java:37)
	at com.intellij.openapi.externalSystem.service.remote.AbstractRemoteExternalSystemService.execute(AbstractRemoteExternalSystemService.java:59)
	at com.intellij.openapi.externalSystem.service.remote.RemoteExternalSystemProjectResolverImpl.resolveProjectInfo(RemoteExternalSystemProjectResolverImpl.java:37)
	at com.intellij.openapi.externalSystem.service.remote.wrapper.ExternalSystemProjectResolverWrapper.resolveProjectInfo(ExternalSystemProjectResolverWrapper.java:49)
	at com.intellij.openapi.externalSystem.service.internal.ExternalSystemResolveProjectTask.doExecute(ExternalSystemResolveProjectTask.java:51)
	at com.intellij.openapi.externalSystem.service.internal.AbstractExternalSystemTask.execute(AbstractExternalSystemTask.java:138)
	at com.intellij.openapi.externalSystem.service.internal.AbstractExternalSystemTask.execute(AbstractExternalSystemTask.java:124)
	at com.intellij.openapi.externalSystem.util.ExternalSystemUtil$3.execute(ExternalSystemUtil.java:415)
	at com.intellij.openapi.externalSystem.util.ExternalSystemUtil$5.run(ExternalSystemUtil.java:494)
	at com.intellij.openapi.progress.impl.CoreProgressManager$TaskRunnable.run(CoreProgressManager.java:635)
	at com.intellij.openapi.progress.impl.CoreProgressManager$3.run(CoreProgressManager.java:170)
	at com.intellij.openapi.progress.impl.CoreProgressManager.registerIndicatorAndRun(CoreProgressManager.java:494)
	at com.intellij.openapi.progress.impl.CoreProgressManager.executeProcessUnderProgress(CoreProgressManager.java:443)
	at com.intellij.openapi.progress.impl.ProgressManagerImpl.executeProcessUnderProgress(ProgressManagerImpl.java:54)
	at com.intellij.openapi.progress.impl.CoreProgressManager.runProcess(CoreProgressManager.java:155)
	at com.intellij.openapi.progress.impl.ProgressManagerImpl$1.run(ProgressManagerImpl.java:128)
	at com.intellij.openapi.application.impl.ApplicationImpl$2.run(ApplicationImpl.java:307)
	at java.util.concurrent.Executors$RunnableAdapter.call(Executors.java:511)
	at java.util.concurrent.FutureTask.run(FutureTask.java:266)
	at java.util.concurrent.ThreadPoolExecutor.runWorker(ThreadPoolExecutor.java:1142)
	at java.util.concurrent.ThreadPoolExecutor$Worker.run(ThreadPoolExecutor.java:617)
	at java.lang.Thread.run(Thread.java:745)

2017-03-02 14:20:23,470 [ 217340]  ERROR - api.util.objectTree.ObjectNode - Editor of class com.intellij.openapi.editor.impl.EditorImpl hasn't been released: 
com.intellij.openapi.util.TraceableDisposable.ObjectNotDisposedException: See stack trace responsible for creation of unreleased object below 
	at com.intellij.openapi.editor.impl.EditorImpl.<init>(EditorImpl.java:146)
	at com.intellij.openapi.editor.impl.EditorFactoryImpl.createEditor(EditorFactoryImpl.java:193)
	at com.intellij.openapi.editor.impl.EditorFactoryImpl.createViewer(EditorFactoryImpl.java:174)
	at com.intellij.execution.impl.ConsoleViewUtil.setupConsoleEditor(ConsoleViewUtil.java:63)
	at com.intellij.execution.impl.ConsoleViewImpl.doCreateConsoleEditor(ConsoleViewImpl.java:976)
	at com.intellij.execution.impl.ConsoleViewImpl$8.compute(ConsoleViewImpl.java:911)
	at com.intellij.execution.impl.ConsoleViewImpl$8.compute(ConsoleViewImpl.java:908)
	at com.intellij.openapi.application.impl.ApplicationImpl.runReadAction(ApplicationImpl.java:859)
	at com.intellij.execution.impl.ConsoleViewImpl.createConsoleEditor(ConsoleViewImpl.java:908)
	at com.intellij.execution.impl.ConsoleViewImpl.initConsoleEditor(ConsoleViewImpl.java:512)
	at com.intellij.execution.impl.ConsoleViewImpl.getComponent(ConsoleViewImpl.java:491)
	at net.orfjackal.sbt.plugin.SbtConsole.attachToToolWindow(SbtConsole.java:133)
	at net.orfjackal.sbt.plugin.SbtConsole.ensureAttachedToToolWindow(SbtConsole.java:122)
	at net.orfjackal.sbt.plugin.SbtRunnerComponent.registerToolWindow(SbtRunnerComponent.java:112)
	at net.orfjackal.sbt.plugin.SbtRunnerComponent.access$400(SbtRunnerComponent.java:35)
	at net.orfjackal.sbt.plugin.SbtRunnerComponent$2.run(SbtRunnerComponent.java:91)
	at com.intellij.ide.startup.impl.StartupManagerImpl.runActivity(StartupManagerImpl.java:342)
	at com.intellij.ide.startup.impl.StartupManagerImpl.runActivities(StartupManagerImpl.java:334)
	at com.intellij.ide.startup.impl.StartupManagerImpl.runPostStartupActivities(StartupManagerImpl.java:175)
	at com.intellij.openapi.project.impl.ProjectManagerImpl.lambda$null$4(ProjectManagerImpl.java:343)
	at com.intellij.openapi.application.TransactionGuardImpl$6.run(TransactionGuardImpl.java:291)
	at com.intellij.openapi.application.impl.LaterInvocator$FlushQueue.runNextEvent(LaterInvocator.java:326)
	at com.intellij.openapi.application.impl.LaterInvocator$FlushQueue.run(LaterInvocator.java:310)
	at java.awt.event.InvocationEvent.dispatch(InvocationEvent.java:311)
	at java.awt.EventQueue.dispatchEventImpl(EventQueue.java:756)
	at java.awt.EventQueue.access$500(EventQueue.java:97)
	at java.awt.EventQueue$3.run(EventQueue.java:709)
	at java.awt.EventQueue$3.run(EventQueue.java:703)
	at java.security.AccessController.doPrivileged(Native Method)
	at java.security.ProtectionDomain$JavaSecurityAccessImpl.doIntersectionPrivilege(ProtectionDomain.java:80)
	at java.awt.EventQueue.dispatchEvent(EventQueue.java:726)
	at com.intellij.ide.IdeEventQueue.defaultDispatchEvent(IdeEventQueue.java:793)
	at com.intellij.ide.IdeEventQueue._dispatchEvent(IdeEventQueue.java:629)
	at com.intellij.ide.IdeEventQueue.dispatchEvent(IdeEventQueue.java:385)
	at java.awt.EventDispatchThread.pumpOneEventForFilters(EventDispatchThread.java:201)
	at java.awt.EventDispatchThread.pumpEventsForFilter(EventDispatchThread.java:116)
	at java.awt.EventDispatchThread.pumpEventsForHierarchy(EventDispatchThread.java:105)
	at java.awt.EventDispatchThread.pumpEvents(EventDispatchThread.java:101)
	at java.awt.EventDispatchThread.pumpEvents(EventDispatchThread.java:93)
	at java.awt.EventDispatchThread.run(EventDispatchThread.java:82)
2017-03-02 14:20:23,472 [ 217342]  ERROR - api.util.objectTree.ObjectNode - IntelliJ IDEA 2016.2.4  Build #IC-162.2032.8 
2017-03-02 14:20:23,472 [ 217342]  ERROR - api.util.objectTree.ObjectNode - JDK: 1.8.0_112-release 
2017-03-02 14:20:23,472 [ 217342]  ERROR - api.util.objectTree.ObjectNode - VM: OpenJDK 64-Bit Server VM 
2017-03-02 14:20:23,472 [ 217342]  ERROR - api.util.objectTree.ObjectNode - Vendor: JetBrains s.r.o 
2017-03-02 14:20:23,472 [ 217342]  ERROR - api.util.objectTree.ObjectNode - OS: Mac OS X 
2017-03-02 14:20:23,472 [ 217342]  ERROR - api.util.objectTree.ObjectNode - Last Action:  
2017-03-02 14:20:25,744 [ 219614]   INFO - org.jetbrains.io.BuiltInServer - web server stopped 
2017-03-02 14:20:25,744 [ 219614]   INFO - Types.impl.FileTypeManagerImpl - FileTypeManager: 0 auto-detected files
Elapsed time on auto-detect: 0 ms 
2017-03-02 14:20:25,757 [ 219627]  ERROR - ij.components.ComponentManager - loader constraint violation: when resolving method "com.intellij.openapi.diagnostic.Logger.setLevel(Lorg/apache/log4j/Level;)V" the class loader (instance of com/intellij/ide/plugins/cl/PluginClassLoader) of the current class, org/jetbrains/plugins/scala/statistics/CacheStatistics$, and the class loader (instance of com/intellij/util/lang/UrlClassLoader) for the method's defining class, com/intellij/openapi/diagnostic/Logger, have different Class objects for the type org/apache/log4j/Level used in the signature 
java.lang.LinkageError: loader constraint violation: when resolving method "com.intellij.openapi.diagnostic.Logger.setLevel(Lorg/apache/log4j/Level;)V" the class loader (instance of com/intellij/ide/plugins/cl/PluginClassLoader) of the current class, org/jetbrains/plugins/scala/statistics/CacheStatistics$, and the class loader (instance of com/intellij/util/lang/UrlClassLoader) for the method's defining class, com/intellij/openapi/diagnostic/Logger, have different Class objects for the type org/apache/log4j/Level used in the signature
	at org.jetbrains.plugins.scala.statistics.CacheStatistics$.printStats(CacheStatistics.scala:116)
	at org.jetbrains.plugins.scala.components.TypeAwareHighlightingApplicationState.disposeComponent(TypeAwareHighlightingApplicationState.scala:37)
	at com.intellij.openapi.components.impl.ComponentManagerImpl.disposeComponents(ComponentManagerImpl.java:150)
	at com.intellij.openapi.application.impl.ApplicationImpl.dispose(ApplicationImpl.java:471)
	at com.intellij.openapi.util.Disposer$1.execute(Disposer.java:48)
	at com.intellij.openapi.util.Disposer$1.execute(Disposer.java:44)
	at com.intellij.openapi.util.objectTree.ObjectNode$1.execute(ObjectNode.java:132)
	at com.intellij.openapi.util.objectTree.ObjectNode$1.execute(ObjectNode.java:106)
	at com.intellij.openapi.util.objectTree.ObjectTree.executeActionWithRecursiveGuard(ObjectTree.java:150)
	at com.intellij.openapi.util.objectTree.ObjectNode.execute(ObjectNode.java:106)
	at com.intellij.openapi.util.objectTree.ObjectTree.executeAll(ObjectTree.java:136)
	at com.intellij.openapi.util.Disposer.dispose(Disposer.java:119)
	at com.intellij.openapi.util.Disposer.dispose(Disposer.java:115)
	at com.intellij.openapi.application.impl.ApplicationImpl.lambda$disposeSelf$6(ApplicationImpl.java:240)
	at com.intellij.openapi.application.impl.ApplicationImpl.runWriteAction(ApplicationImpl.java:898)
	at com.intellij.openapi.application.impl.ApplicationImpl.disposeSelf(ApplicationImpl.java:240)
	at com.intellij.openapi.application.impl.ApplicationImpl.doExit(ApplicationImpl.java:757)
	at com.intellij.openapi.application.impl.ApplicationImpl.lambda$exit$13(ApplicationImpl.java:734)
	at com.intellij.openapi.application.impl.ApplicationImpl.exit(ApplicationImpl.java:739)
	at com.intellij.openapi.application.impl.ApplicationImpl.exit(ApplicationImpl.java:691)
	at com.intellij.openapi.application.impl.ApplicationImpl.exit(ApplicationImpl.java:686)
	at com.intellij.openapi.wm.impl.welcomeScreen.WelcomeFrame$3.windowClosing(WelcomeFrame.java:120)
	at java.awt.AWTEventMulticaster.windowClosing(AWTEventMulticaster.java:349)
	at java.awt.Window.processWindowEvent(Window.java:2054)
	at javax.swing.JFrame.processWindowEvent(JFrame.java:305)
	at java.awt.Window.processEvent(Window.java:2013)
	at java.awt.Component.dispatchEventImpl(Component.java:4889)
	at java.awt.Container.dispatchEventImpl(Container.java:2294)
	at java.awt.Window.dispatchEventImpl(Window.java:2746)
	at java.awt.Component.dispatchEvent(Component.java:4711)
	at java.awt.EventQueue.dispatchEventImpl(EventQueue.java:758)
	at java.awt.EventQueue.access$500(EventQueue.java:97)
	at java.awt.EventQueue$3.run(EventQueue.java:709)
	at java.awt.EventQueue$3.run(EventQueue.java:703)
	at java.security.AccessController.doPrivileged(Native Method)
	at java.security.ProtectionDomain$JavaSecurityAccessImpl.doIntersectionPrivilege(ProtectionDomain.java:80)
	at java.security.ProtectionDomain$JavaSecurityAccessImpl.doIntersectionPrivilege(ProtectionDomain.java:90)
	at java.awt.EventQueue$4.run(EventQueue.java:731)
	at java.awt.EventQueue$4.run(EventQueue.java:729)
	at java.security.AccessController.doPrivileged(Native Method)
	at java.security.ProtectionDomain$JavaSecurityAccessImpl.doIntersectionPrivilege(ProtectionDomain.java:80)
	at java.awt.EventQueue.dispatchEvent(EventQueue.java:728)
	at com.intellij.ide.IdeEventQueue.defaultDispatchEvent(IdeEventQueue.java:793)
	at com.intellij.ide.IdeEventQueue._dispatchEvent(IdeEventQueue.java:629)
	at com.intellij.ide.IdeEventQueue.dispatchEvent(IdeEventQueue.java:385)
	at java.awt.EventDispatchThread.pumpOneEventForFilters(EventDispatchThread.java:201)
	at java.awt.EventDispatchThread.pumpEventsForFilter(EventDispatchThread.java:116)
	at java.awt.EventDispatchThread.pumpEventsForHierarchy(EventDispatchThread.java:105)
	at java.awt.EventDispatchThread.pumpEvents(EventDispatchThread.java:101)
	at java.awt.EventDispatchThread.pumpEvents(EventDispatchThread.java:93)
	at java.awt.EventDispatchThread.run(EventDispatchThread.java:82)
2017-03-02 14:20:25,760 [ 219630]  ERROR - ij.components.ComponentManager - IntelliJ IDEA 2016.2.4  Build #IC-162.2032.8 
2017-03-02 14:20:25,760 [ 219630]  ERROR - ij.components.ComponentManager - JDK: 1.8.0_112-release 
2017-03-02 14:20:25,760 [ 219630]  ERROR - ij.components.ComponentManager - VM: OpenJDK 64-Bit Server VM 
2017-03-02 14:20:25,760 [ 219630]  ERROR - ij.components.ComponentManager - Vendor: JetBrains s.r.o 
2017-03-02 14:20:25,760 [ 219630]  ERROR - ij.components.ComponentManager - OS: Mac OS X 
2017-03-02 14:20:25,761 [ 219631]   INFO - stubs.SerializationManagerImpl - START StubSerializationManager SHUTDOWN 
2017-03-02 14:20:25,761 [ 219631]   INFO - stubs.SerializationManagerImpl - END StubSerializationManager SHUTDOWN 
2017-03-02 14:20:25,761 [ 219631]   INFO - il.indexing.FileBasedIndexImpl - START INDEX SHUTDOWN 
2017-03-02 14:20:25,807 [ 219677]   INFO - il.indexing.FileBasedIndexImpl - END INDEX SHUTDOWN 
2017-03-02 14:20:25,814 [ 219684]   INFO - pl.local.NativeFileWatcherImpl - Watcher terminated with exit code 0 
2017-03-02 14:20:25,815 [ 219685]   INFO - newvfs.persistent.PersistentFS - VFS dispose started 
2017-03-02 14:20:25,905 [ 219775]   INFO - newvfs.persistent.PersistentFS - VFS dispose completed 
2017-03-02 14:20:25,908 [ 219778]   INFO -        #com.intellij.idea.Main - ------------------------------------------------------ IDE SHUTDOWN ------------------------------------------------------ 
2017-03-02 14:20:25,910 [ 219780]   INFO - org.jetbrains.io.BuiltInServer - web server stopped 
2017-03-02 14:23:43,107 [      0]   INFO -        #com.intellij.idea.Main - ------------------------------------------------------ IDE STARTED ------------------------------------------------------ 
2017-03-02 14:23:43,135 [     28]   INFO -        #com.intellij.idea.Main - IDE: IntelliJ IDEA (build #IC-162.2032.8, 09 Sep 2016 00:00) 
2017-03-02 14:23:43,135 [     28]   INFO -        #com.intellij.idea.Main - OS: Mac OS X (10.12.2, x86_64) 
2017-03-02 14:23:43,136 [     29]   INFO -        #com.intellij.idea.Main - JRE: 1.8.0_112-release-b343 (JetBrains s.r.o) 
2017-03-02 14:23:43,136 [     29]   INFO -        #com.intellij.idea.Main - JVM: 25.112-b343 (OpenJDK 64-Bit Server VM) 
2017-03-02 14:23:43,143 [     36]   INFO -        #com.intellij.idea.Main - JVM Args: -Dfile.encoding=UTF-8 -XX:+UseConcMarkSweepGC -XX:SoftRefLRUPolicyMSPerMB=50 -ea -Dsun.io.useCanonCaches=false -Djava.net.preferIPv4Stack=true -XX:+HeapDumpOnOutOfMemoryError -XX:-OmitStackTraceInFastThrow -Xverify:none -XX:ErrorFile=/Users/sruthigelivi/java_error_in_idea_%p.log -XX:HeapDumpPath=/Users/sruthigelivi/java_error_in_idea.hprof -Xbootclasspath/a:../lib/boot.jar -Xms128m -Xmx750m -XX:ReservedCodeCacheSize=240m -XX:+UseCompressedOops -Djb.vmOptionsFile=/Applications/IntelliJ IDEA CE.app/Contents/bin/idea.vmoptions -Didea.java.redist=jdk-bundled -Didea.home.path=/Applications/IntelliJ IDEA CE.app/Contents -Didea.executable=idea -Didea.paths.selector=IdeaIC2016.2 
2017-03-02 14:23:43,143 [     36]   INFO -        #com.intellij.idea.Main - ext: /Applications/IntelliJ IDEA CE.app/Contents/jre/jdk/Contents/Home/jre/lib/ext: [cldrdata.jar, dnsns.jar, jaccess.jar, jfxrt.jar, localedata.jar, meta-index, nashorn.jar, sunec.jar, sunjce_provider.jar, sunpkcs11.jar, zipfs.jar] 
2017-03-02 14:23:43,143 [     36]   INFO -        #com.intellij.idea.Main - ext: /System/Library/Java/Extensions: [MRJToolkit.jar] 
2017-03-02 14:23:43,143 [     36]   INFO -        #com.intellij.idea.Main - JNU charset: UTF-8 
2017-03-02 14:23:43,171 [     64]   INFO -        #com.intellij.idea.Main - JNA library loaded (64-bit) in 28 ms 
2017-03-02 14:23:43,174 [     67]   INFO -        #com.intellij.idea.Main - initializing environment 
2017-03-02 14:23:43,175 [     68]   INFO - .intellij.util.EnvironmentUtil - loading shell env: /bin/bash -l -i -c '/Applications/IntelliJ IDEA CE.app/Contents/bin/printenv.py' '/private/var/folders/16/r9lgms5d1yg7lntbt0gh4ybw0000gn/T/intellij-shell-env.tmp' 
2017-03-02 14:23:43,189 [     82]   INFO -     #com.intellij.util.ui.JBUI - UI scale factor: 1.0 
2017-03-02 14:23:43,617 [    510]   INFO - .intellij.util.EnvironmentUtil - shell environment loaded (11 vars) 
2017-03-02 14:23:43,617 [    510]   INFO - .intellij.util.EnvironmentUtil - LC_CTYPE=en_US.UTF-8 
2017-03-02 14:23:45,203 [   2096]   INFO - llij.ide.plugins.PluginManager - Cannot find optional descriptor duplicates-groovy.xml 
2017-03-02 14:23:45,548 [   2441]   INFO - llij.ide.plugins.PluginManager - 34 plugins initialized in 756 ms 
2017-03-02 14:23:45,549 [   2442]   INFO - llij.ide.plugins.PluginManager - Loaded bundled plugins: Android Support (10.2.0), Ant Support (1.0), Bytecode Viewer (0.1), CVS Integration (11), Copyright (8.1), Coverage (162.2032.8), Eclipse Integration (3.0), EditorConfig (162.2032.8), Git Integration (8.1), GitHub (162.2032.8), Gradle (162.2032.8), Groovy (9.0), I18n for Java (162.2032.8), IDEA CORE (162.2032.8), IntelliLang (8.0), JUnit (1.0), Java Bytecode Decompiler (162.2032.8), JavaFX (1.0), Kotlin (1.0.3-release-IJ2016.1-120), Maven Integration (162.2032.8), Plugin DevKit (1.0), Properties Support (162.2032.8), Settings Repository (162.2032.8), Subversion Integration (1.1), Task Management (1.0), Terminal (0.1), TestNG-J (8.0), UI Designer (162.2032.8), XPathView + XSLT Support (4), XSLT-Debugger (1.4), YAML (162.2032.8), hg4idea (10.0) 
2017-03-02 14:23:45,549 [   2442]   INFO - llij.ide.plugins.PluginManager - Loaded custom plugins: SBT (1.8.0), Scala (2016.2.1) 
2017-03-02 14:23:46,252 [   3145]   INFO - ellij.util.io.PagedFileStorage - lower=100; upper=500; buffer=10; max=705 
2017-03-02 14:23:46,363 [   3256]   INFO - pl.local.NativeFileWatcherImpl - Starting file watcher: /Applications/IntelliJ IDEA CE.app/Contents/bin/fsnotifier 
2017-03-02 14:23:46,374 [   3267]   INFO - pl.local.NativeFileWatcherImpl - Native file watcher is operational. 
2017-03-02 14:23:46,494 [   3387]   INFO - pi.util.registry.RegistryState - Registry values changed by user: 
2017-03-02 14:23:46,494 [   3387]   INFO - pi.util.registry.RegistryState -   SBT.system.in.process = true 
2017-03-02 14:23:47,529 [   4422]   INFO - rains.ide.BuiltInServerManager - built-in server started, port 63342 
2017-03-02 14:23:47,623 [   4516]   INFO - gs.impl.UpdateCheckerComponent - channel: release 
2017-03-02 14:23:47,752 [   4645]   INFO - il.indexing.FileBasedIndexImpl - Index exts enumerated:108 
2017-03-02 14:23:47,755 [   4648]   INFO - il.indexing.FileBasedIndexImpl - Index scheduled:2 
2017-03-02 14:23:47,804 [   4697]   INFO - tellij.psi.stubs.StubIndexImpl - All stub exts enumerated:40 
2017-03-02 14:23:47,805 [   4698]   INFO - tellij.psi.stubs.StubIndexImpl - stub exts update scheduled:0 
2017-03-02 14:23:48,057 [   4950]   INFO - ellij.project.impl.ProjectImpl - 26 project components initialized in 364 ms 
2017-03-02 14:23:48,057 [   4950]   INFO - le.impl.ModuleManagerComponent - 0 module(s) loaded in 0 ms 
2017-03-02 14:23:48,384 [   5277]   INFO - j.ide.script.IdeStartupScripts - 0 startup script(s) found 
2017-03-02 14:23:48,740 [   5633]   INFO - plication.impl.ApplicationImpl - 92 application components initialized in 3949 ms 
2017-03-02 14:23:48,807 [   5700]   INFO - .intellij.idea.IdeaApplication - App initialization took 6373 ms 
2017-03-02 14:23:49,678 [   6571]   INFO - .openapi.application.Preloader - Finished preloading com.intellij.openapi.actionSystem.impl.ActionPreloader@31dea754 
2017-03-02 14:23:51,459 [   8352]   INFO - .openapi.application.Preloader - Finished preloading com.intellij.ide.ui.search.SearchableOptionPreloader@402c0039 
2017-03-02 14:23:52,018 [   8911]   INFO - pl$FileIndexDataInitialization - Initialization done:4263 
2017-03-02 14:23:54,033 [  10926]   INFO - exImpl$StubIndexInitialization - Initialization done:2014 
2017-03-02 14:23:54,207 [  11100]   INFO - org.jetbrains.io.BuiltInServer - web server stopped 
2017-03-02 14:23:54,208 [  11101]   INFO - Types.impl.FileTypeManagerImpl - FileTypeManager: 0 auto-detected files
Elapsed time on auto-detect: 0 ms 
2017-03-02 14:23:54,213 [  11106]  ERROR - ij.components.ComponentManager - loader constraint violation: when resolving method "com.intellij.openapi.diagnostic.Logger.setLevel(Lorg/apache/log4j/Level;)V" the class loader (instance of com/intellij/ide/plugins/cl/PluginClassLoader) of the current class, org/jetbrains/plugins/scala/statistics/CacheStatistics$, and the class loader (instance of com/intellij/util/lang/UrlClassLoader) for the method's defining class, com/intellij/openapi/diagnostic/Logger, have different Class objects for the type org/apache/log4j/Level used in the signature 
java.lang.LinkageError: loader constraint violation: when resolving method "com.intellij.openapi.diagnostic.Logger.setLevel(Lorg/apache/log4j/Level;)V" the class loader (instance of com/intellij/ide/plugins/cl/PluginClassLoader) of the current class, org/jetbrains/plugins/scala/statistics/CacheStatistics$, and the class loader (instance of com/intellij/util/lang/UrlClassLoader) for the method's defining class, com/intellij/openapi/diagnostic/Logger, have different Class objects for the type org/apache/log4j/Level used in the signature
	at org.jetbrains.plugins.scala.statistics.CacheStatistics$.printStats(CacheStatistics.scala:116)
	at org.jetbrains.plugins.scala.components.TypeAwareHighlightingApplicationState.disposeComponent(TypeAwareHighlightingApplicationState.scala:37)
	at com.intellij.openapi.components.impl.ComponentManagerImpl.disposeComponents(ComponentManagerImpl.java:150)
	at com.intellij.openapi.application.impl.ApplicationImpl.dispose(ApplicationImpl.java:471)
	at com.intellij.openapi.util.Disposer$1.execute(Disposer.java:48)
	at com.intellij.openapi.util.Disposer$1.execute(Disposer.java:44)
	at com.intellij.openapi.util.objectTree.ObjectNode$1.execute(ObjectNode.java:132)
	at com.intellij.openapi.util.objectTree.ObjectNode$1.execute(ObjectNode.java:106)
	at com.intellij.openapi.util.objectTree.ObjectTree.executeActionWithRecursiveGuard(ObjectTree.java:150)
	at com.intellij.openapi.util.objectTree.ObjectNode.execute(ObjectNode.java:106)
	at com.intellij.openapi.util.objectTree.ObjectTree.executeAll(ObjectTree.java:136)
	at com.intellij.openapi.util.Disposer.dispose(Disposer.java:119)
	at com.intellij.openapi.util.Disposer.dispose(Disposer.java:115)
	at com.intellij.openapi.application.impl.ApplicationImpl.lambda$disposeSelf$6(ApplicationImpl.java:240)
	at com.intellij.openapi.application.impl.ApplicationImpl.runWriteAction(ApplicationImpl.java:898)
	at com.intellij.openapi.application.impl.ApplicationImpl.disposeSelf(ApplicationImpl.java:240)
	at com.intellij.openapi.application.impl.ApplicationImpl.doExit(ApplicationImpl.java:757)
	at com.intellij.openapi.application.impl.ApplicationImpl.lambda$exit$13(ApplicationImpl.java:734)
	at com.intellij.openapi.application.impl.ApplicationImpl.exit(ApplicationImpl.java:739)
	at com.intellij.openapi.application.impl.ApplicationImpl.exit(ApplicationImpl.java:691)
	at com.intellij.openapi.application.impl.ApplicationImpl.exit(ApplicationImpl.java:686)
	at com.intellij.openapi.wm.impl.welcomeScreen.WelcomeFrame$3.windowClosing(WelcomeFrame.java:120)
	at java.awt.AWTEventMulticaster.windowClosing(AWTEventMulticaster.java:349)
	at java.awt.Window.processWindowEvent(Window.java:2054)
	at javax.swing.JFrame.processWindowEvent(JFrame.java:305)
	at java.awt.Window.processEvent(Window.java:2013)
	at java.awt.Component.dispatchEventImpl(Component.java:4889)
	at java.awt.Container.dispatchEventImpl(Container.java:2294)
	at java.awt.Window.dispatchEventImpl(Window.java:2746)
	at java.awt.Component.dispatchEvent(Component.java:4711)
	at java.awt.EventQueue.dispatchEventImpl(EventQueue.java:758)
	at java.awt.EventQueue.access$500(EventQueue.java:97)
	at java.awt.EventQueue$3.run(EventQueue.java:709)
	at java.awt.EventQueue$3.run(EventQueue.java:703)
	at java.security.AccessController.doPrivileged(Native Method)
	at java.security.ProtectionDomain$JavaSecurityAccessImpl.doIntersectionPrivilege(ProtectionDomain.java:80)
	at java.security.ProtectionDomain$JavaSecurityAccessImpl.doIntersectionPrivilege(ProtectionDomain.java:90)
	at java.awt.EventQueue$4.run(EventQueue.java:731)
	at java.awt.EventQueue$4.run(EventQueue.java:729)
	at java.security.AccessController.doPrivileged(Native Method)
	at java.security.ProtectionDomain$JavaSecurityAccessImpl.doIntersectionPrivilege(ProtectionDomain.java:80)
	at java.awt.EventQueue.dispatchEvent(EventQueue.java:728)
	at com.intellij.ide.IdeEventQueue.defaultDispatchEvent(IdeEventQueue.java:793)
	at com.intellij.ide.IdeEventQueue._dispatchEvent(IdeEventQueue.java:629)
	at com.intellij.ide.IdeEventQueue.dispatchEvent(IdeEventQueue.java:385)
	at java.awt.EventDispatchThread.pumpOneEventForFilters(EventDispatchThread.java:201)
	at java.awt.EventDispatchThread.pumpEventsForFilter(EventDispatchThread.java:116)
	at java.awt.EventDispatchThread.pumpEventsForHierarchy(EventDispatchThread.java:105)
	at java.awt.EventDispatchThread.pumpEvents(EventDispatchThread.java:101)
	at java.awt.EventDispatchThread.pumpEvents(EventDispatchThread.java:93)
	at java.awt.EventDispatchThread.run(EventDispatchThread.java:82)
2017-03-02 14:23:54,218 [  11111]  ERROR - ij.components.ComponentManager - IntelliJ IDEA 2016.2.4  Build #IC-162.2032.8 
2017-03-02 14:23:54,218 [  11111]  ERROR - ij.components.ComponentManager - JDK: 1.8.0_112-release 
2017-03-02 14:23:54,218 [  11111]  ERROR - ij.components.ComponentManager - VM: OpenJDK 64-Bit Server VM 
2017-03-02 14:23:54,218 [  11111]  ERROR - ij.components.ComponentManager - Vendor: JetBrains s.r.o 
2017-03-02 14:23:54,218 [  11111]  ERROR - ij.components.ComponentManager - OS: Mac OS X 
2017-03-02 14:23:54,219 [  11112]   INFO - stubs.SerializationManagerImpl - START StubSerializationManager SHUTDOWN 
2017-03-02 14:23:54,221 [  11114]   INFO - stubs.SerializationManagerImpl - END StubSerializationManager SHUTDOWN 
2017-03-02 14:23:54,221 [  11114]   INFO - il.indexing.FileBasedIndexImpl - START INDEX SHUTDOWN 
2017-03-02 14:23:54,257 [  11150]   INFO - il.indexing.FileBasedIndexImpl - END INDEX SHUTDOWN 
2017-03-02 14:23:54,265 [  11158]   INFO - pl.local.NativeFileWatcherImpl - Watcher terminated with exit code 0 
2017-03-02 14:23:54,265 [  11158]   INFO - newvfs.persistent.PersistentFS - VFS dispose started 
2017-03-02 14:23:54,300 [  11193]   INFO - newvfs.persistent.PersistentFS - VFS dispose completed 
2017-03-02 14:23:54,305 [  11198]   INFO -        #com.intellij.idea.Main - ------------------------------------------------------ IDE SHUTDOWN ------------------------------------------------------ 
2017-03-02 14:23:54,308 [  11201]   INFO - org.jetbrains.io.BuiltInServer - web server stopped 
