Java HotSpot(TM) 64-Bit Server VM warning: ignoring option MaxPermSize=384M; support was removed in 8.0
[info] Loading project definition from /Users/sruthigelivi/pb_project/project
[info] Set current project to pb_project (in build file:/Users/sruthigelivi/pb_project/)
> [info] Defining *:shellPrompt
[info] The new value will be used by no settings or tasks.
[info] Reapplying settings...
[info] Set current project to pb_project (in build file:/Users/sruthigelivi/pb_project/)
[info] Defining */*:sbtStructureOutputFile
[info] The new value will be used by no settings or tasks.
[info] Reapplying settings...
[info] Set current project to pb_project (in build file:/Users/sruthigelivi/pb_project/)
[info] Defining */*:sbtStructureOptions
[info] The new value will be used by no settings or tasks.
[info] Reapplying settings...
[info] Set current project to pb_project (in build file:/Users/sruthigelivi/pb_project/)
[info] Applying State transformations org.jetbrains.sbt.CreateTasks from /Users/sruthigelivi/Library/Application Support/IdeaIC2016.2/Scala/launcher/sbt-structure-0.13.jar
[info] Set current project to pb_project (in build file:/Users/sruthigelivi/pb_project/)
[info] Updating {file:/Users/sruthigelivi/pb_project/}pb_project...
[info] Resolving org.scala-lang#scala-library;2.12.1 ...
[info] Resolving org.apache.spark#spark-core;2.0.0 ...
[info] Resolving org.apache.spark#spark-core;2.0.0 ...
[warn] 	module not found: org.apache.spark#spark-core;2.0.0
[warn] ==== local: tried
[warn]   /Users/sruthigelivi/.ivy2/local/org.apache.spark/spark-core/2.0.0/ivys/ivy.xml
[warn] ==== jcenter: tried
[warn]   https://jcenter.bintray.com/org/apache/spark/spark-core/2.0.0/spark-core-2.0.0.pom
[warn] ==== public: tried
[warn]   https://repo1.maven.org/maven2/org/apache/spark/spark-core/2.0.0/spark-core-2.0.0.pom
[info] Resolving org.apache.spark#spark-sql;2.0.0 ...
[info] Resolving org.apache.spark#spark-sql;2.0.0 ...
[warn] 	module not found: org.apache.spark#spark-sql;2.0.0
[warn] ==== local: tried
[warn]   /Users/sruthigelivi/.ivy2/local/org.apache.spark/spark-sql/2.0.0/ivys/ivy.xml
[warn] ==== jcenter: tried
[warn]   https://jcenter.bintray.com/org/apache/spark/spark-sql/2.0.0/spark-sql-2.0.0.pom
[warn] ==== public: tried
[warn]   https://repo1.maven.org/maven2/org/apache/spark/spark-sql/2.0.0/spark-sql-2.0.0.pom
[info] Resolving oauth.signpost#signpost-core;1.2 ...
[info] Resolving commons-codec#commons-codec;1.3 ...
[info] Resolving oauth.signpost#signpost-commonshttp4;1.2 ...
[info] Resolving org.apache.httpcomponents#httpcore;4.0.1 ...
[info] Resolving org.apache.httpcomponents#httpclient;4.2 ...
[info] Resolving org.apache.httpcomponents#httpcore;4.2 ...
[info] Resolving commons-logging#commons-logging;1.1.1 ...
[info] Resolving commons-codec#commons-codec;1.6 ...
[info] Resolving org.apache.tomcat#tomcat-catalina;7.0.25 ...
[info] Resolving org.apache.tomcat#tomcat-servlet-api;7.0.25 ...
[info] Resolving org.apache.tomcat#tomcat-juli;7.0.25 ...
[info] Resolving org.apache.tomcat#tomcat-annotations-api;7.0.25 ...
[info] Resolving org.apache.tomcat#tomcat-api;7.0.25 ...
[info] Resolving org.apache.tomcat#tomcat-util;7.0.25 ...
[info] Resolving org.scala-lang#scala-compiler;2.12.1 ...
[info] Resolving org.scala-lang#scala-reflect;2.12.1 ...
[info] Resolving org.scala-lang.modules#scala-xml_2.12;1.0.6 ...
[info] Resolving jline#jline;2.14.1 ...
[warn] 	::::::::::::::::::::::::::::::::::::::::::::::
[warn] 	::          UNRESOLVED DEPENDENCIES         ::
[warn] 	::::::::::::::::::::::::::::::::::::::::::::::
[warn] 	:: org.apache.spark#spark-core;2.0.0: not found
[warn] 	:: org.apache.spark#spark-sql;2.0.0: not found
[warn] 	::::::::::::::::::::::::::::::::::::::::::::::
[warn] 
[warn] 	Note: Unresolved dependencies path:
[warn] 		org.apache.spark:spark-core:2.0.0 (/Users/sruthigelivi/pb_project/build.sbt#L8-9)
[warn] 		  +- default:pb_project_2.12:1.0
[warn] 		org.apache.spark:spark-sql:2.0.0 (/Users/sruthigelivi/pb_project/build.sbt#L10-11)
[warn] 		  +- default:pb_project_2.12:1.0
[info] Resolving org.scala-sbt#sbt;0.13.8 ...
[info] Resolving org.scala-lang#scala-library;2.10.4 ...
[info] Resolving org.scala-sbt#main;0.13.8 ...
[info] Resolving org.scala-sbt#actions;0.13.8 ...
[info] Resolving org.scala-sbt#classpath;0.13.8 ...
[info] Resolving org.scala-lang#scala-compiler;2.10.4 ...
[info] Resolving org.scala-lang#scala-reflect;2.10.4 ...
[info] Resolving org.scala-sbt#launcher-interface;0.13.8 ...
[info] Resolving org.scala-sbt#interface;0.13.8 ...
[info] Resolving org.scala-sbt#io;0.13.8 ...
[info] Resolving org.scala-sbt#control;0.13.8 ...
[info] Resolving org.scala-sbt#completion;0.13.8 ...
[info] Resolving org.scala-sbt#collections;0.13.8 ...
[info] Resolving jline#jline;2.11 ...
[info] Resolving org.scala-sbt#api;0.13.8 ...
[info] Resolving org.scala-sbt#compiler-integration;0.13.8 ...
[info] Resolving org.scala-sbt#incremental-compiler;0.13.8 ...
[info] Resolving org.scala-sbt#logging;0.13.8 ...
[info] Resolving org.scala-sbt#process;0.13.8 ...
[info] Resolving org.scala-sbt#relation;0.13.8 ...
[info] Resolving org.scala-sbt#compile;0.13.8 ...
[info] Resolving org.scala-sbt#classfile;0.13.8 ...
[info] Resolving org.scala-sbt#persist;0.13.8 ...
[info] Resolving org.scala-tools.sbinary#sbinary_2.10;0.4.2 ...
[info] Resolving org.scala-sbt#compiler-ivy-integration;0.13.8 ...
[info] Resolving org.scala-sbt#ivy;0.13.8 ...
[info] Resolving org.scala-sbt#cross;0.13.8 ...
[info] Resolving org.scala-sbt.ivy#ivy;2.3.0-sbt-fccfbd44c9f64523b61398a0155784dcbaeae28f ...
[info] Resolving com.jcraft#jsch;0.1.46 ...
[info] Resolving org.scala-sbt#serialization_2.10;0.1.1 ...
[info] Resolving org.scala-lang.modules#scala-pickling_2.10;0.10.0 ...
[info] Resolving org.scalamacros#quasiquotes_2.10;2.0.1 ...
[info] Resolving org.json4s#json4s-core_2.10;3.2.10 ...
[info] Resolving org.json4s#json4s-ast_2.10;3.2.10 ...
[info] Resolving com.thoughtworks.paranamer#paranamer;2.6 ...
[info] Resolving org.spire-math#jawn-parser_2.10;0.6.0 ...
[info] Resolving org.spire-math#json4s-support_2.10;0.6.0 ...
[info] Resolving org.scala-sbt#run;0.13.8 ...
[info] Resolving org.scala-sbt#task-system;0.13.8 ...
[info] Resolving org.scala-sbt#tasks;0.13.8 ...
[info] Resolving org.scala-sbt#tracking;0.13.8 ...
[info] Resolving org.scala-sbt#cache;0.13.8 ...
[info] Resolving org.scala-sbt#testing;0.13.8 ...
[info] Resolving org.scala-sbt#test-agent;0.13.8 ...
[info] Resolving org.scala-sbt#test-interface;1.0 ...
[info] Resolving org.scala-sbt#main-settings;0.13.8 ...
[info] Resolving org.scala-sbt#apply-macro;0.13.8 ...
[info] Resolving org.scala-sbt#command;0.13.8 ...
[info] Resolving org.scala-sbt#logic;0.13.8 ...
[info] Resolving org.scala-sbt#compiler-interface;0.13.8 ...
[info] Resolving org.scala-sbt#precompiled-2_8_2;0.13.8 ...
[info] Resolving org.scala-sbt#precompiled-2_9_2;0.13.8 ...
[info] Resolving org.scala-sbt#precompiled-2_9_3;0.13.8 ...
[info] Resolving org.scala-sbt#sbt;0.13.8 ...
[info] Resolving org.scala-lang#scala-library;2.10.4 ...
[info] Resolving org.scala-sbt#main;0.13.8 ...
[info] Resolving org.scala-sbt#actions;0.13.8 ...
[info] Resolving org.scala-sbt#classpath;0.13.8 ...
[info] Resolving org.scala-lang#scala-compiler;2.10.4 ...
[info] Resolving org.scala-lang#scala-reflect;2.10.4 ...
[info] Resolving org.scala-sbt#launcher-interface;0.13.8 ...
[info] Resolving org.scala-sbt#interface;0.13.8 ...
[info] Resolving org.scala-sbt#io;0.13.8 ...
[info] Resolving org.scala-sbt#control;0.13.8 ...
[info] Resolving org.scala-sbt#completion;0.13.8 ...
[info] Resolving org.scala-sbt#collections;0.13.8 ...
[info] Resolving jline#jline;2.11 ...
[info] Resolving org.scala-sbt#api;0.13.8 ...
[info] Resolving org.scala-sbt#compiler-integration;0.13.8 ...
[info] Resolving org.scala-sbt#incremental-compiler;0.13.8 ...
[info] Resolving org.scala-sbt#logging;0.13.8 ...
[info] Resolving org.scala-sbt#process;0.13.8 ...
[info] Resolving org.scala-sbt#relation;0.13.8 ...
[info] Resolving org.scala-sbt#compile;0.13.8 ...
[info] Resolving org.scala-sbt#classfile;0.13.8 ...
[info] Resolving org.scala-sbt#persist;0.13.8 ...
[info] Resolving org.scala-tools.sbinary#sbinary_2.10;0.4.2 ...
[info] Resolving org.scala-sbt#compiler-ivy-integration;0.13.8 ...
[info] Resolving org.scala-sbt#ivy;0.13.8 ...
[info] Resolving org.scala-sbt#cross;0.13.8 ...
[info] Resolving org.scala-sbt.ivy#ivy;2.3.0-sbt-fccfbd44c9f64523b61398a0155784dcbaeae28f ...
[info] Resolving com.jcraft#jsch;0.1.46 ...
[info] Resolving org.scala-sbt#serialization_2.10;0.1.1 ...
[info] Resolving org.scala-lang.modules#scala-pickling_2.10;0.10.0 ...
[info] Resolving org.scalamacros#quasiquotes_2.10;2.0.1 ...
[info] Resolving org.json4s#json4s-core_2.10;3.2.10 ...
[info] Resolving org.json4s#json4s-ast_2.10;3.2.10 ...
[info] Resolving com.thoughtworks.paranamer#paranamer;2.6 ...
[info] Resolving org.spire-math#jawn-parser_2.10;0.6.0 ...
[info] Resolving org.spire-math#json4s-support_2.10;0.6.0 ...
[info] Resolving org.scala-sbt#run;0.13.8 ...
[info] Resolving org.scala-sbt#task-system;0.13.8 ...
[info] Resolving org.scala-sbt#tasks;0.13.8 ...
[info] Resolving org.scala-sbt#tracking;0.13.8 ...
[info] Resolving org.scala-sbt#cache;0.13.8 ...
[info] Resolving org.scala-sbt#testing;0.13.8 ...
[info] Resolving org.scala-sbt#test-agent;0.13.8 ...
[info] Resolving org.scala-sbt#test-interface;1.0 ...
[info] Resolving org.scala-sbt#main-settings;0.13.8 ...
[info] Resolving org.scala-sbt#apply-macro;0.13.8 ...
[info] Resolving org.scala-sbt#command;0.13.8 ...
[info] Resolving org.scala-sbt#logic;0.13.8 ...
[info] Resolving org.scala-sbt#precompiled-2_8_2;0.13.8 ...
[info] Resolving org.scala-sbt#precompiled-2_9_2;0.13.8 ...
[info] Resolving org.scala-sbt#precompiled-2_9_3;0.13.8 ...
[trace] Stack trace suppressed: run 'last *:update' for the full output.
[trace] Stack trace suppressed: run 'last *:ssExtractDependencies' for the full output.
[error] (*:update) sbt.ResolveException: unresolved dependency: org.apache.spark#spark-core;2.0.0: not found
[error] unresolved dependency: org.apache.spark#spark-sql;2.0.0: not found
[error] (*:ssExtractDependencies) sbt.ResolveException: unresolved dependency: org.apache.spark#spark-core;2.0.0: not found
[error] unresolved dependency: org.apache.spark#spark-sql;2.0.0: not found
[error] Total time: 5 s, completed Mar 2, 2017 2:18:45 PM

